<?xml version="1.0" encoding="UTF-8" ?>
<testsuite errors="0" failures="0" hostname="Paulina-Lenovo" name="ws.hotel.test.HotelServiceTest" tests="6" time="0.655" timestamp="2014-11-10T13:59:25">
  <properties>
[...]
</properties>
  <testcase classname="ws.hotel.test.HotelServiceTest" name="testBookHotelNoGuarantee" time="0.312" />
  <testcase classname="ws.hotel.test.HotelServiceTest" name="testBookHotelInvalid" time="0.14" />
  <testcase classname="ws.hotel.test.HotelServiceTest" name="testCancelHotel" time="0.031" />
  <testcase classname="ws.hotel.test.HotelServiceTest" name="testBookHotelValid" time="0.078" />
  <testcase classname="ws.hotel.test.HotelServiceTest" name="testCancelHotelFail" time="0.016" />
  <testcase classname="ws.hotel.test.HotelServiceTest" name="getHotelsTest" time="0.031" />
  <system-out><![CDATA[]]></system-out>
  <system-err><![CDATA[]]></system-err>
</testsuite>
